<?xml version="1.0" encoding="UTF-8"?>
<testng-results ignored="0" total="1" passed="1" failed="0" skipped="0">
  <reporter-output>
  </reporter-output>
  <suite started-at="2025-06-01T21:05:32 ICT" name="Default suite" finished-at="2025-06-01T21:05:46 ICT" duration-ms="13838">
    <groups>
    </groups>
    <test started-at="2025-06-01T21:05:32 ICT" name="Default test" finished-at="2025-06-01T21:05:46 ICT" duration-ms="13838">
      <class name="tests.PracticeFormTest">
        <test-method is-config="true" signature="setUp()[pri:0, instance:tests.PracticeFormTest@5ace1ed4]" started-at="2025-06-01T21:05:32 ICT" name="setUp" finished-at="2025-06-01T21:05:41 ICT" duration-ms="9783" status="PASS">
          <reporter-output>
          </reporter-output>
        </test-method> <!-- setUp -->
        <test-method signature="submitDataSuccessfully()[pri:0, instance:tests.PracticeFormTest@5ace1ed4]" started-at="2025-06-01T21:05:41 ICT" name="submitDataSuccessfully" finished-at="2025-06-01T21:05:46 ICT" duration-ms="4022" status="PASS">
          <reporter-output>
          </reporter-output>
        </test-method> <!-- submitDataSuccessfully -->
      </class> <!-- tests.PracticeFormTest -->
    </test> <!-- Default test -->
  </suite> <!-- Default suite -->
</testng-results>
